2023-04-24 17:09:02 +0000  Initial pipeline context: <IDEDistributionProcessingPipelineContext: 0x7fa691a64b80; archive(resolved)="<IDEArchive: 0x6000de0102a0>", distributionTask(resolved)="2", distributionDestination(resolved)="1", distributionMethod(resolved)="<IDEDistributionMethodDevelopmentSigned: 0x6001347bc740>", team(resolved)="<IDEProvisioningDisambiguatableBasicTeam: 0x60004d980880; teamID='H74EYQDPHH', teamName='Anupam Godbole (Individual)', teamType='Individual', username='ganupam@gmail.com', isFreeProvisioningTeam='0'>">
	Chain (14, self inclusive):
	<IDEDistributionProcessingPipelineContext: 0x7fa691a64b80; archive = "<IDEArchive: 0x6000de0102a0>", distributionMethod="<IDEDistributionMethodDevelopmentSigned: 0x6001347bc740>", team="<IDEProvisioningDisambiguatableBasicTeam: 0x60004d980880; teamID='H74EYQDPHH', teamName='Anupam Godbole (Individual)', teamType='Individual', username='ganupam@gmail.com', isFreeProvisioningTeam='0'>">
	<IDEDistributionProcessingPipelineContext: 0x7fa691a71c70; archive = "<IDEArchive: 0x6000de0102a0>", distributionMethod="<IDEDistributionMethodDevelopmentSigned: 0x6001347bc740>", team="<IDEProvisioningDisambiguatableBasicTeam: 0x60004d980880; teamID='H74EYQDPHH', teamName='Anupam Godbole (Individual)', teamType='Individual', username='ganupam@gmail.com', isFreeProvisioningTeam='0'>">
	<IDEDistributionContext: 0x7fa695e52160; archive = "<IDEArchive: 0x6000de0102a0>", distributionMethod="<IDEDistributionMethodDevelopmentSigned: 0x6001347bc740>", team="<IDEProvisioningDisambiguatableBasicTeam: 0x60004d980880; teamID='H74EYQDPHH', teamName='Anupam Godbole (Individual)', teamType='Individual', username='ganupam@gmail.com', isFreeProvisioningTeam='0'>">
	<IDEDistributionContext: 0x7fa69189b210; archive = "<IDEArchive: 0x6000de0102a0>", distributionMethod="<IDEDistributionMethodDevelopmentSigned: 0x6001347bc740>", team="<IDEProvisioningDisambiguatableBasicTeam: 0x60004d980880; teamID='H74EYQDPHH', teamName='Anupam Godbole (Individual)', teamType='Individual', username='ganupam@gmail.com', isFreeProvisioningTeam='0'>">
	<IDEDistributionContext: 0x7fa696152570; archive = "<IDEArchive: 0x6000de0102a0>", distributionMethod="<IDEDistributionMethodDevelopmentSigned: 0x6001347bc740>", team="<IDEProvisioningDisambiguatableBasicTeam: 0x60004d980880; teamID='H74EYQDPHH', teamName='Anupam Godbole (Individual)', teamType='Individual', username='ganupam@gmail.com', isFreeProvisioningTeam='0'>">
	<IDEDistributionContext: 0x7fa69585c070; archive = "<IDEArchive: 0x6000de0102a0>", distributionMethod="<IDEDistributionMethodDevelopmentSigned: 0x6001347bc740>", team="<IDEProvisioningDisambiguatableBasicTeam: 0x60004d980880; teamID='H74EYQDPHH', teamName='Anupam Godbole (Individual)', teamType='Individual', username='ganupam@gmail.com', isFreeProvisioningTeam='0'>">
	<IDEDistributionContext: 0x7fa6958db780; archive = "<IDEArchive: 0x6000de0102a0>", distributionMethod="<IDEDistributionMethodDevelopmentSigned: 0x6001347bc740>", team="<IDEProvisioningDisambiguatableBasicTeam: 0x60004d980880; teamID='H74EYQDPHH', teamName='Anupam Godbole (Individual)', teamType='Individual', username='ganupam@gmail.com', isFreeProvisioningTeam='0'>">
	<IDEDistributionContext: 0x7fa695853ca0; archive = "<IDEArchive: 0x6000de0102a0>", distributionMethod="<IDEDistributionMethodDevelopmentSigned: 0x6001347bc740>", team="<IDEProvisioningDisambiguatableBasicTeam: 0x60004d980880; teamID='H74EYQDPHH', teamName='Anupam Godbole (Individual)', teamType='Individual', username='ganupam@gmail.com', isFreeProvisioningTeam='0'>">
	<IDEDistributionContext: 0x7fa690bff7f0; archive = "<IDEArchive: 0x6000de0102a0>", distributionMethod="<IDEDistributionMethodDevelopmentSigned: 0x6001347bc740>", team="<IDEProvisioningDisambiguatableBasicTeam: 0x60004d980880; teamID='H74EYQDPHH', teamName='Anupam Godbole (Individual)', teamType='Individual', username='ganupam@gmail.com', isFreeProvisioningTeam='0'>">
	<IDEDistributionContext: 0x7fa6b92c0170; archive = "<IDEArchive: 0x6000de0102a0>", distributionMethod="<IDEDistributionMethodDevelopmentSigned: 0x6001347bc740>", team="(null)">
	<IDEDistributionContext: 0x7fa6b9d59360; archive = "<IDEArchive: 0x6000de0102a0>", distributionMethod="<IDEDistributionMethodDevelopmentSigned: 0x6001347bc740>", team="(null)">
	<IDEDistributionContext: 0x7fa695eebd40; archive = "<IDEArchive: 0x6000de0102a0>", distributionMethod="<IDEDistributionMethodDevelopmentSigned: 0x6001347bc740>", team="(null)">
	<IDEDistributionContext: 0x7fa6f6fb97a0; archive = "<IDEArchive: 0x6000de0102a0>", distributionMethod="<IDEDistributionMethodDevelopmentSigned: 0x6001347bc740>", team="(null)">
	<IDEDistributionContext: 0x7fa69183e350; archive = "<IDEArchive: 0x6000de0102a0>", distributionMethod="(null)", team="(null)">
</IDEDistributionProcessingPipelineContext: 0x7fa691a64b80>
2023-04-24 17:09:02 +0000  Processing step: IDEDistributionCreateDestRootStep
2023-04-24 17:09:02 +0000  Processing step: IDEDistributionCopyItemStep
2023-04-24 17:09:02 +0000  Running /usr/bin/ditto '-V' '/Users/anupamgodbole/Library/Developer/Xcode/Archives/2023-04-24/Chat Game 4-24-23, 9.30 AM.xcarchive/Products/Applications/Chat Game Demo.app' '/var/folders/j9/fn_267297hj8ppmvqfn_qd3h0000gn/T/XcodeDistPipeline.~~~mUNcSw/Root/Payload/Chat Game Demo.app'
2023-04-24 17:09:02 +0000  >>> Copying /Users/anupamgodbole/Library/Developer/Xcode/Archives/2023-04-24/Chat Game 4-24-23, 9.30 AM.xcarchive/Products/Applications/Chat Game Demo.app 
2023-04-24 17:09:02 +0000  copying file ./_CodeSignature/CodeResources ... 
2023-04-24 17:09:02 +0000  3691 bytes for ./_CodeSignature/CodeResources
2023-04-24 17:09:02 +0000  copying file ./AppIcon60x60@2x.png ... 
2023-04-24 17:09:02 +0000  10457 bytes for ./AppIcon60x60@2x.png
2023-04-24 17:09:02 +0000  copying file ./Chat Game Demo ... 
2023-04-24 17:09:02 +0000  302528 bytes for ./Chat Game Demo
2023-04-24 17:09:02 +0000  copying file ./Base.lproj/LaunchScreen.storyboardc/01J-lp-oVM-view-Ze5-6b-2t3.nib ... 
2023-04-24 17:09:02 +0000  1197 bytes for ./Base.lproj/LaunchScreen.storyboardc/01J-lp-oVM-view-Ze5-6b-2t3.nib
2023-04-24 17:09:02 +0000  copying file ./Base.lproj/LaunchScreen.storyboardc/UIViewController-01J-lp-oVM.nib ... 
2023-04-24 17:09:02 +0000  896 bytes for ./Base.lproj/LaunchScreen.storyboardc/UIViewController-01J-lp-oVM.nib
2023-04-24 17:09:02 +0000  copying file ./Base.lproj/LaunchScreen.storyboardc/Info.plist ... 
2023-04-24 17:09:02 +0000  258 bytes for ./Base.lproj/LaunchScreen.storyboardc/Info.plist
2023-04-24 17:09:02 +0000  copying file ./Assets.car ... 
2023-04-24 17:09:02 +0000  395007 bytes for ./Assets.car
2023-04-24 17:09:02 +0000  copying file ./AppIcon76x76@2x~ipad.png ... 
2023-04-24 17:09:02 +0000  13931 bytes for ./AppIcon76x76@2x~ipad.png
2023-04-24 17:09:02 +0000  copying file ./embedded.mobileprovision ... 
2023-04-24 17:09:02 +0000  14301 bytes for ./embedded.mobileprovision
copying file ./Info.plist ... 
2023-04-24 17:09:02 +0000  1534 bytes for ./Info.plist
copying file ./PkgInfo ... 
2023-04-24 17:09:02 +0000  8 bytes for ./PkgInfo
2023-04-24 17:09:02 +0000  /usr/bin/ditto exited with 0
2023-04-24 17:09:02 +0000  Processing step: IDEDistributionEmbedProfileStep
2023-04-24 17:09:02 +0000  Processing step: IDEDistributionInfoPlistStep
2023-04-24 17:09:02 +0000  Skipping step: IDEDistributionInfoPlistStep because it said so
2023-04-24 17:09:02 +0000  Processing step: IDEDistributionAppThinningPlistStep
2023-04-24 17:09:02 +0000  Skipping step: IDEDistributionAppThinningPlistStep because it said so
2023-04-24 17:09:02 +0000  Processing step: IDEDistributionCompileBitcodeStep
2023-04-24 17:09:02 +0000  Skipping step: IDEDistributionCompileBitcodeStep because it said so
2023-04-24 17:09:02 +0000  Processing step: IDEDistributionCodeSlimmingStep
2023-04-24 17:09:02 +0000  Processing step: IDEDistributionCopyBCSymbolMapsStep
2023-04-24 17:09:02 +0000  Skipping step: IDEDistributionCopyBCSymbolMapsStep because it said so
2023-04-24 17:09:02 +0000  Processing step: IDEDistributionSymbolsStep
2023-04-24 17:09:02 +0000  Skipping step: IDEDistributionSymbolsStep because it said so
2023-04-24 17:09:02 +0000  Processing step: IDEDistributionAppThinningStep
2023-04-24 17:09:02 +0000  Skipping step: IDEDistributionAppThinningStep because it said so
2023-04-24 17:09:02 +0000  Processing step: IDEDistributionArchThinningStep
2023-04-24 17:09:02 +0000  Running /Applications/Xcode.app/Contents/Developer/Toolchains/XcodeDefault.xctoolchain/usr/bin/lipo '/var/folders/j9/fn_267297hj8ppmvqfn_qd3h0000gn/T/XcodeDistPipeline.~~~mUNcSw/Root/Payload/Chat Game Demo.app/Chat Game Demo' '-verify_arch' 'arm64e'
2023-04-24 17:09:02 +0000  /Applications/Xcode.app/Contents/Developer/Toolchains/XcodeDefault.xctoolchain/usr/bin/lipo exited with 1
2023-04-24 17:09:02 +0000  Skipping architecture thinning for item "Chat Game Demo" because arch "arm64e" wasn't found
2023-04-24 17:09:02 +0000  Processing step: IDEDistributionODRStep
2023-04-24 17:09:02 +0000  Processing step: IDEDistributionStripXattrsStep
2023-04-24 17:09:02 +0000  Running /usr/bin/xattr '-crs' '/var/folders/j9/fn_267297hj8ppmvqfn_qd3h0000gn/T/XcodeDistPipeline.~~~mUNcSw/Root/Payload/Chat Game Demo.app'
2023-04-24 17:09:02 +0000  /usr/bin/xattr exited with 0
2023-04-24 17:09:02 +0000  Processing step: IDEDistributionCodesignStep
2023-04-24 17:09:02 +0000  Entitlements for <IDEDistributionItem: 0x6000e61d8600; bundleID='com.realnotion.Chat-Game', path='<DVTFilePath:0x6001b2cb9880:'/Users/anupamgodbole/Library/Developer/Xcode/Archives/2023-04-24/Chat Game 4-24-23, 9.30 AM.xcarchive/Products/Applications/Chat Game Demo.app'>', codeSigningInfo='<_DVTCodeSigningInformation_Path: 0x60015a6c9540; isSigned='1', isAdHocSigned='0', signingCertificate='<DVTSigningCertificate: 0x60002f2b9810; name='Apple Development: Anupam Godbole (KF7EX9Q5LW)', hash='C1167DB6E722E61E885A107853E7129E2E63227C', serialNumber='4CCB7F8DA8D97594066FA7203D5A9D1C', certificateKinds='(
    "1.2.840.113635.100.6.1.12",
    "1.2.840.113635.100.6.1.2"
), issueDate='2023-01-03 23:22:21 +0000''>', entitlements='{
    "application-identifier" = "H74EYQDPHH.com.realnotion.Chat-Game";
    "com.apple.developer.team-identifier" = H74EYQDPHH;
    "get-task-allow" = 1;
}', teamID='H74EYQDPHH', identifier='com.realnotion.Chat-Game', executablePath='<DVTFilePath:0x6000d2e51960:'/Users/anupamgodbole/Library/Developer/Xcode/Archives/2023-04-24/Chat Game 4-24-23, 9.30 AM.xcarchive/Products/Applications/Chat Game Demo.app/Chat Game Demo'>', hardenedRuntime='0'>'>: {
    "application-identifier" = "H74EYQDPHH.com.realnotion.Chat-Game";
    "com.apple.developer.team-identifier" = H74EYQDPHH;
    "get-task-allow" = 1;
}
2023-04-24 17:09:02 +0000  Entitlements for <IDEDistributionItem: 0x6000e61d8600; bundleID='com.realnotion.Chat-Game', path='<DVTFilePath:0x6001b2cb9880:'/Users/anupamgodbole/Library/Developer/Xcode/Archives/2023-04-24/Chat Game 4-24-23, 9.30 AM.xcarchive/Products/Applications/Chat Game Demo.app'>', codeSigningInfo='<_DVTCodeSigningInformation_Path: 0x60015a6c9540; isSigned='1', isAdHocSigned='0', signingCertificate='<DVTSigningCertificate: 0x60002f2ba730; name='Apple Development: Anupam Godbole (KF7EX9Q5LW)', hash='C1167DB6E722E61E885A107853E7129E2E63227C', serialNumber='4CCB7F8DA8D97594066FA7203D5A9D1C', certificateKinds='(
    "1.2.840.113635.100.6.1.12",
    "1.2.840.113635.100.6.1.2"
), issueDate='2023-01-03 23:22:21 +0000''>', entitlements='{
    "application-identifier" = "H74EYQDPHH.com.realnotion.Chat-Game";
    "com.apple.developer.team-identifier" = H74EYQDPHH;
    "get-task-allow" = 1;
}', teamID='H74EYQDPHH', identifier='com.realnotion.Chat-Game', executablePath='<DVTFilePath:0x6000d2e51960:'/Users/anupamgodbole/Library/Developer/Xcode/Archives/2023-04-24/Chat Game 4-24-23, 9.30 AM.xcarchive/Products/Applications/Chat Game Demo.app/Chat Game Demo'>', hardenedRuntime='0'>'> are: {
    "application-identifier" = "H74EYQDPHH.com.realnotion.Chat-Game";
    "com.apple.developer.team-identifier" = H74EYQDPHH;
    "get-task-allow" = 1;
}
2023-04-24 17:09:02 +0000  Writing entitlements for <IDEDistributionItem: 0x6000e61d8600; bundleID='com.realnotion.Chat-Game', path='<DVTFilePath:0x6001b2cb9880:'/Users/anupamgodbole/Library/Developer/Xcode/Archives/2023-04-24/Chat Game 4-24-23, 9.30 AM.xcarchive/Products/Applications/Chat Game Demo.app'>', codeSigningInfo='<_DVTCodeSigningInformation_Path: 0x60015a6c9540; isSigned='1', isAdHocSigned='0', signingCertificate='<DVTSigningCertificate: 0x60002f2b9340; name='Apple Development: Anupam Godbole (KF7EX9Q5LW)', hash='C1167DB6E722E61E885A107853E7129E2E63227C', serialNumber='4CCB7F8DA8D97594066FA7203D5A9D1C', certificateKinds='(
    "1.2.840.113635.100.6.1.12",
    "1.2.840.113635.100.6.1.2"
), issueDate='2023-01-03 23:22:21 +0000''>', entitlements='{
    "application-identifier" = "H74EYQDPHH.com.realnotion.Chat-Game";
    "com.apple.developer.team-identifier" = H74EYQDPHH;
    "get-task-allow" = 1;
}', teamID='H74EYQDPHH', identifier='com.realnotion.Chat-Game', executablePath='<DVTFilePath:0x6000d2e51960:'/Users/anupamgodbole/Library/Developer/Xcode/Archives/2023-04-24/Chat Game 4-24-23, 9.30 AM.xcarchive/Products/Applications/Chat Game Demo.app/Chat Game Demo'>', hardenedRuntime='0'>'> to: /var/folders/j9/fn_267297hj8ppmvqfn_qd3h0000gn/T/XcodeDistPipeline.~~~mUNcSw/entitlements~~~UBQZGz
2023-04-24 17:09:02 +0000  Running /usr/bin/codesign '-vvv' '--force' '--sign' 'C1167DB6E722E61E885A107853E7129E2E63227C' '--entitlements' '/var/folders/j9/fn_267297hj8ppmvqfn_qd3h0000gn/T/XcodeDistPipeline.~~~mUNcSw/entitlements~~~UBQZGz' '--generate-entitlement-der' '--preserve-metadata=identifier,flags,runtime' '/var/folders/j9/fn_267297hj8ppmvqfn_qd3h0000gn/T/XcodeDistPipeline.~~~mUNcSw/Root/Payload/Chat Game Demo.app'
2023-04-24 17:09:02 +0000  /var/folders/j9/fn_267297hj8ppmvqfn_qd3h0000gn/T/XcodeDistPipeline.~~~mUNcSw/Root/Payload/Chat Game Demo.app: replacing existing signature
2023-04-24 17:09:02 +0000  /var/folders/j9/fn_267297hj8ppmvqfn_qd3h0000gn/T/XcodeDistPipeline.~~~mUNcSw/Root/Payload/Chat Game Demo.app: signed app bundle with Mach-O thin (arm64) [com.realnotion.Chat-Game]
2023-04-24 17:09:02 +0000  /usr/bin/codesign exited with 0
2023-04-24 17:09:02 +0000  Processing step: IDEDistributionZipODRItemStep
2023-04-24 17:09:02 +0000  Skipping step: IDEDistributionZipODRItemStep because it said so
2023-04-24 17:09:02 +0000  Processing step: IDEDistributionCreateIPAStep
2023-04-24 17:09:02 +0000  Running /usr/bin/ditto '-V' '-c' '-k' '--norsrc' '/var/folders/j9/fn_267297hj8ppmvqfn_qd3h0000gn/T/XcodeDistPipeline.~~~mUNcSw/Root' '/var/folders/j9/fn_267297hj8ppmvqfn_qd3h0000gn/T/XcodeDistPipeline.~~~mUNcSw/Packages/Chat Game Demo.ipa'
2023-04-24 17:09:02 +0000  >>> Copying /var/folders/j9/fn_267297hj8ppmvqfn_qd3h0000gn/T/XcodeDistPipeline.~~~mUNcSw/Root 
2023-04-24 17:09:02 +0000  copying file ./Payload/Chat Game Demo.app/_CodeSignature/CodeResources ... 
2023-04-24 17:09:02 +0000  3691 bytes for ./Payload/Chat Game Demo.app/_CodeSignature/CodeResources
2023-04-24 17:09:02 +0000  copying file ./Payload/Chat Game Demo.app/AppIcon60x60@2x.png ... 
2023-04-24 17:09:02 +0000  10457 bytes for ./Payload/Chat Game Demo.app/AppIcon60x60@2x.png
2023-04-24 17:09:02 +0000  copying file ./Payload/Chat Game Demo.app/Chat Game Demo ... 
2023-04-24 17:09:02 +0000  302528 bytes for ./Payload/Chat Game Demo.app/Chat Game Demo
2023-04-24 17:09:02 +0000  copying file ./Payload/Chat Game Demo.app/Base.lproj/LaunchScreen.storyboardc/01J-lp-oVM-view-Ze5-6b-2t3.nib ... 
2023-04-24 17:09:02 +0000  1197 bytes for ./Payload/Chat Game Demo.app/Base.lproj/LaunchScreen.storyboardc/01J-lp-oVM-view-Ze5-6b-2t3.nib
copying file ./Payload/Chat Game Demo.app/Base.lproj/LaunchScreen.storyboardc/UIViewController-01J-lp-oVM.nib ... 
2023-04-24 17:09:02 +0000  896 bytes for ./Payload/Chat Game Demo.app/Base.lproj/LaunchScreen.storyboardc/UIViewController-01J-lp-oVM.nib
copying file ./Payload/Chat Game Demo.app/Base.lproj/LaunchScreen.storyboardc/Info.plist ... 
258 bytes for ./Payload/Chat Game Demo.app/Base.lproj/LaunchScreen.storyboardc/Info.plist
copying file ./Payload/Chat Game Demo.app/Assets.car ... 
2023-04-24 17:09:02 +0000  395007 bytes for ./Payload/Chat Game Demo.app/Assets.car
copying file ./Payload/Chat Game Demo.app/AppIcon76x76@2x~ipad.png ... 
2023-04-24 17:09:02 +0000  13931 bytes for ./Payload/Chat Game Demo.app/AppIcon76x76@2x~ipad.png
copying file ./Payload/Chat Game Demo.app/embedded.mobileprovision ... 
2023-04-24 17:09:02 +0000  14301 bytes for ./Payload/Chat Game Demo.app/embedded.mobileprovision
copying file ./Payload/Chat Game Demo.app/Info.plist ... 
2023-04-24 17:09:02 +0000  1534 bytes for ./Payload/Chat Game Demo.app/Info.plist
copying file ./Payload/Chat Game Demo.app/PkgInfo ... 
8 bytes for ./Payload/Chat Game Demo.app/PkgInfo
2023-04-24 17:09:02 +0000  /usr/bin/ditto exited with 0
2023-04-24 17:09:02 +0000  Processing step: IDEDistributionAppStoreInformationStep
2023-04-24 17:09:02 +0000  Skipping step: IDEDistributionAppStoreInformationStep because it said so
2023-04-24 17:09:02 +0000  Processing step: IDEDistributionGenerateProcessedDistributionItems
2023-04-24 17:09:02 +0000  IDEDistributionItem init <DVTFilePath:0x6001b6d6f800:'/var/folders/j9/fn_267297hj8ppmvqfn_qd3h0000gn/T/XcodeDistPipeline.~~~mUNcSw/Root/Payload/Chat Game Demo.app'>
2023-04-24 17:09:02 +0000  Processing step: IDEDistributionCreateManifestStep
